0 verbose cli /usr/alwaysdata/nodejs/22.21.1/bin/node /usr/alwaysdata/nodejs/22.21.1/lib/node_modules/npm/bin/npm-cli.js
1 info using npm@10.9.4
2 info using node@v22.21.1
3 silly config load:file:/usr/alwaysdata/nodejs/22.21.1/lib/node_modules/npm/npmrc
4 silly config load:file:/home/leadconnect/www/SvelteManager/.npmrc
5 silly config load:file:/etc/npmrc
6 verbose title npm exec degit sveltejs/template svelte-app
7 verbose argv "exec" "--" "degit" "sveltejs/template" "svelte-app"
8 verbose logfile logs-max:10 dir:/home/leadconnect/www/SvelteManager/.npm/_logs/2025-12-08T19_28_13_279Z-
9 verbose logfile /home/leadconnect/www/SvelteManager/.npm/_logs/2025-12-08T19_28_13_279Z-debug-0.log
10 silly logfile done cleaning log files
11 silly packumentCache heap:4345298944 maxSize:1086324736 maxEntrySize:543162368
12 http fetch GET 200 https://registry.npmjs.org/degit 682ms (cache miss)
13 silly packumentCache heap:4345298944 maxSize:1086324736 maxEntrySize:543162368
14 warn exec The following package was not found and will be installed: degit@2.8.4
15 silly idealTree buildDeps
16 silly fetch manifest degit@2.8.4
17 silly packumentCache full:https://registry.npmjs.org/degit cache-miss
18 http fetch GET 200 https://registry.npmjs.org/degit 29ms (cache miss)
19 silly packumentCache full:https://registry.npmjs.org/degit set size:undefined disposed:false
20 silly placeDep ROOT degit@2.8.4 OK for:  want: 2.8.4
21 silly reify moves {}
22 silly audit bulk request { degit: [ '2.8.4' ] }
23 http cache degit@https://registry.npmjs.org/degit/-/degit-2.8.4.tgz 1ms (cache hit)
24 silly tarball no local data for degit@https://registry.npmjs.org/degit/-/degit-2.8.4.tgz. Extracting by manifest.
25 http fetch GET 200 https://registry.npmjs.org/degit/-/degit-2.8.4.tgz 65ms (cache miss)
26 http fetch POST 200 https://registry.npmjs.org/-/npm/v1/security/advisories/bulk 188ms
27 silly audit report {}
28 verbose cwd /home/leadconnect/www/SvelteManager
29 verbose os Linux 6.12.49-alwaysdata
30 verbose node v22.21.1
31 verbose npm  v10.9.4
32 verbose exit 0
33 info ok
